<?xml version="1.0" encoding="UTF-8"?>
<!-- Generated by org.testng.reporters.JUnitReportReporter -->
<testsuite hostname="DESKTOP-O7L2KAB" failures="0" tests="2" name="test.LoginTest" time="29.054" errors="0" timestamp="2023-02-06T08:35:23 IST" skipped="0">
  <testcase classname="test.LoginTest" name="login" time="13.532"/>
  <system-out/>
  <testcase classname="test.LoginTest" name="login" time="15.522"/>
  <system-out/>
</testsuite> <!-- test.LoginTest -->
