<?xml version="1.0" encoding="UTF-8"?>
<!-- Generated by org.testng.reporters.JUnitReportReporter -->
<testsuite hostname="DESKTOP-O7L2KAB" failures="0" tests="1" name="runner.Runner" time="8.899" errors="0" timestamp="2023-02-05T14:40:28 IST" skipped="0">
  <testcase classname="runner.Runner" name="runScenario" time="8.899"/>
  <system-out/>
</testsuite> <!-- runner.Runner -->
