<?xml version="1.0" encoding="UTF-8"?>
<!-- Generated by org.testng.reporters.JUnitReportReporter -->
<testsuite hostname="DESKTOP-O7L2KAB" failures="0" tests="2" name="test.LoginTest" time="26.110" errors="0" timestamp="2023-02-06T14:10:24 IST" skipped="0">
  <testcase classname="test.LoginTest" name="login" time="6.203"/>
  <system-out/>
  <testcase classname="test.LoginTest" name="login" time="19.907"/>
  <system-out/>
</testsuite> <!-- test.LoginTest -->
